C:\USERS\DVLPR\DESKTOP\DVLPR\ON-GOING PROJECT\BALANCING ROBOT PROJECT\MFC PROJECT\MFC_COMMAND_CENTER_V8 ( ICON )\COMMAND_CENTER\DEBUG\COMMAND_CENTER.PCH
C:\USERS\DVLPR\DESKTOP\DVLPR\ON-GOING PROJECT\BALANCING ROBOT PROJECT\MFC PROJECT\MFC_COMMAND_CENTER_V8 ( ICON )\COMMAND_CENTER\DEBUG\STDAFX.OBJ
C:\USERS\DVLPR\DESKTOP\DVLPR\ON-GOING PROJECT\BALANCING ROBOT PROJECT\MFC PROJECT\MFC_COMMAND_CENTER_V8 ( ICON )\COMMAND_CENTER\DEBUG\VC110.PDB
C:\USERS\DVLPR\DESKTOP\DVLPR\ON-GOING PROJECT\BALANCING ROBOT PROJECT\MFC PROJECT\MFC_COMMAND_CENTER_V8 ( ICON )\COMMAND_CENTER\DEBUG\CHILDSOCKET.OBJ
C:\USERS\DVLPR\DESKTOP\DVLPR\ON-GOING PROJECT\BALANCING ROBOT PROJECT\MFC PROJECT\MFC_COMMAND_CENTER_V8 ( ICON )\COMMAND_CENTER\DEBUG\COMMAND_CENTER.OBJ
C:\USERS\DVLPR\DESKTOP\DVLPR\ON-GOING PROJECT\BALANCING ROBOT PROJECT\MFC PROJECT\MFC_COMMAND_CENTER_V8 ( ICON )\COMMAND_CENTER\DEBUG\COMMAND_CENTERDLG.OBJ
C:\USERS\DVLPR\DESKTOP\DVLPR\ON-GOING PROJECT\BALANCING ROBOT PROJECT\MFC PROJECT\MFC_COMMAND_CENTER_V8 ( ICON )\COMMAND_CENTER\DEBUG\LISTENSOCKET.OBJ
C:\USERS\DVLPR\DESKTOP\DVLPR\ON-GOING PROJECT\BALANCING ROBOT PROJECT\MFC PROJECT\MFC_COMMAND_CENTER_V8 ( ICON )\COMMAND_CENTER\DEBUG\OSCOPECTRL.OBJ
C:\USERS\DVLPR\DESKTOP\DVLPR\ON-GOING PROJECT\BALANCING ROBOT PROJECT\MFC PROJECT\MFC_COMMAND_CENTER_V9 ( STEPPER TEST )\COMMAND_CENTER\DEBUG\COMMAND_CENTER.PCH
C:\USERS\DVLPR\DESKTOP\DVLPR\ON-GOING PROJECT\BALANCING ROBOT PROJECT\MFC PROJECT\MFC_COMMAND_CENTER_V9 ( STEPPER TEST )\COMMAND_CENTER\DEBUG\STDAFX.OBJ
C:\USERS\DVLPR\DESKTOP\DVLPR\ON-GOING PROJECT\BALANCING ROBOT PROJECT\MFC PROJECT\MFC_COMMAND_CENTER_V9 ( STEPPER TEST )\COMMAND_CENTER\DEBUG\VC110.PDB
C:\USERS\DVLPR\DESKTOP\DVLPR\ON-GOING PROJECT\BALANCING ROBOT PROJECT\MFC PROJECT\MFC_COMMAND_CENTER_V9 ( STEPPER TEST )\COMMAND_CENTER\DEBUG\CHILDSOCKET.OBJ
C:\USERS\DVLPR\DESKTOP\DVLPR\ON-GOING PROJECT\BALANCING ROBOT PROJECT\MFC PROJECT\MFC_COMMAND_CENTER_V9 ( STEPPER TEST )\COMMAND_CENTER\DEBUG\COMMAND_CENTER.OBJ
C:\USERS\DVLPR\DESKTOP\DVLPR\ON-GOING PROJECT\BALANCING ROBOT PROJECT\MFC PROJECT\MFC_COMMAND_CENTER_V9 ( STEPPER TEST )\COMMAND_CENTER\DEBUG\COMMAND_CENTERDLG.OBJ
C:\USERS\DVLPR\DESKTOP\DVLPR\ON-GOING PROJECT\BALANCING ROBOT PROJECT\MFC PROJECT\MFC_COMMAND_CENTER_V9 ( STEPPER TEST )\COMMAND_CENTER\DEBUG\LISTENSOCKET.OBJ
C:\USERS\DVLPR\DESKTOP\DVLPR\ON-GOING PROJECT\BALANCING ROBOT PROJECT\MFC PROJECT\MFC_COMMAND_CENTER_V9 ( STEPPER TEST )\COMMAND_CENTER\DEBUG\OSCOPECTRL.OBJ
C:\USERS\DVLPR\DESKTOP\DVLPR\ON-GOING PROJECT\BALANCING ROBOT PROJECT\MFC PROJECT\MFC_COMMAND_CENTER_V10 ( QUEUE )\COMMAND_CENTER\DEBUG\COMMAND_CENTER.PCH
C:\USERS\DVLPR\DESKTOP\DVLPR\ON-GOING PROJECT\BALANCING ROBOT PROJECT\MFC PROJECT\MFC_COMMAND_CENTER_V10 ( QUEUE )\COMMAND_CENTER\DEBUG\STDAFX.OBJ
C:\USERS\DVLPR\DESKTOP\DVLPR\ON-GOING PROJECT\BALANCING ROBOT PROJECT\MFC PROJECT\MFC_COMMAND_CENTER_V10 ( QUEUE )\COMMAND_CENTER\DEBUG\VC110.PDB
C:\USERS\DVLPR\DESKTOP\DVLPR\ON-GOING PROJECT\BALANCING ROBOT PROJECT\MFC PROJECT\MFC_COMMAND_CENTER_V10 ( QUEUE )\COMMAND_CENTER\DEBUG\CHILDSOCKET.OBJ
C:\USERS\DVLPR\DESKTOP\DVLPR\ON-GOING PROJECT\BALANCING ROBOT PROJECT\MFC PROJECT\MFC_COMMAND_CENTER_V10 ( QUEUE )\COMMAND_CENTER\DEBUG\COMMAND_CENTER.OBJ
C:\USERS\DVLPR\DESKTOP\DVLPR\ON-GOING PROJECT\BALANCING ROBOT PROJECT\MFC PROJECT\MFC_COMMAND_CENTER_V10 ( QUEUE )\COMMAND_CENTER\DEBUG\COMMAND_CENTERDLG.OBJ
C:\USERS\DVLPR\DESKTOP\DVLPR\ON-GOING PROJECT\BALANCING ROBOT PROJECT\MFC PROJECT\MFC_COMMAND_CENTER_V10 ( QUEUE )\COMMAND_CENTER\DEBUG\LISTENSOCKET.OBJ
C:\USERS\DVLPR\DESKTOP\DVLPR\ON-GOING PROJECT\BALANCING ROBOT PROJECT\MFC PROJECT\MFC_COMMAND_CENTER_V10 ( QUEUE )\COMMAND_CENTER\DEBUG\OSCOPECTRL.OBJ
C:\USERS\DVLPR\DESKTOP\DVLPR\ON-GOING PROJECT\BALANCING ROBOT PROJECT\MFC PROJECT\MFC_COMMAND_CENTER_V8 ( ICON )\DEBUG\COMMAND_CENTER.ILK
C:\USERS\DVLPR\DESKTOP\DVLPR\ON-GOING PROJECT\BALANCING ROBOT PROJECT\MFC PROJECT\MFC_COMMAND_CENTER_V8 ( ICON )\DEBUG\COMMAND_CENTER.EXE
C:\USERS\DVLPR\DESKTOP\DVLPR\ON-GOING PROJECT\BALANCING ROBOT PROJECT\MFC PROJECT\MFC_COMMAND_CENTER_V8 ( ICON )\DEBUG\COMMAND_CENTER.PDB
C:\USERS\DVLPR\DESKTOP\DVLPR\ON-GOING PROJECT\BALANCING ROBOT PROJECT\MFC PROJECT\MFC_COMMAND_CENTER_V9 ( STEPPER TEST )\DEBUG\COMMAND_CENTER.ILK
C:\USERS\DVLPR\DESKTOP\DVLPR\ON-GOING PROJECT\BALANCING ROBOT PROJECT\MFC PROJECT\MFC_COMMAND_CENTER_V9 ( STEPPER TEST )\DEBUG\COMMAND_CENTER.EXE
C:\USERS\DVLPR\DESKTOP\DVLPR\ON-GOING PROJECT\BALANCING ROBOT PROJECT\MFC PROJECT\MFC_COMMAND_CENTER_V9 ( STEPPER TEST )\DEBUG\COMMAND_CENTER.PDB
C:\USERS\DVLPR\DESKTOP\DVLPR\ON-GOING PROJECT\BALANCING ROBOT PROJECT\MFC PROJECT\MFC_COMMAND_CENTER_V10 ( QUEUE )\DEBUG\COMMAND_CENTER.ILK
C:\USERS\DVLPR\DESKTOP\DVLPR\ON-GOING PROJECT\BALANCING ROBOT PROJECT\MFC PROJECT\MFC_COMMAND_CENTER_V10 ( QUEUE )\DEBUG\COMMAND_CENTER.EXE
C:\USERS\DVLPR\DESKTOP\DVLPR\ON-GOING PROJECT\BALANCING ROBOT PROJECT\MFC PROJECT\MFC_COMMAND_CENTER_V10 ( QUEUE )\DEBUG\COMMAND_CENTER.PDB
C:\USERS\DVLPR\DESKTOP\DVLPR\ON-GOING PROJECT\BALANCING ROBOT PROJECT\MFC PROJECT\MFC_COMMAND_CENTER_V8 ( ICON )\COMMAND_CENTER\DEBUG\COMMAND_CENTER.RES
C:\USERS\DVLPR\DESKTOP\DVLPR\ON-GOING PROJECT\BALANCING ROBOT PROJECT\MFC PROJECT\MFC_COMMAND_CENTER_V9 ( STEPPER TEST )\COMMAND_CENTER\DEBUG\COMMAND_CENTER.RES
C:\USERS\DVLPR\DESKTOP\DVLPR\ON-GOING PROJECT\BALANCING ROBOT PROJECT\MFC PROJECT\MFC_COMMAND_CENTER_V10 ( QUEUE )\COMMAND_CENTER\DEBUG\COMMAND_CENTER.RES
C:\Users\DVLPR\Desktop\DVLPR\On-Going Project\Balancing Robot Project\MFC Project\MFC_Command_Center_v10 ( Queue )\Command_Center\Debug\ChildSocket.obj
C:\Users\DVLPR\Desktop\DVLPR\On-Going Project\Balancing Robot Project\MFC Project\MFC_Command_Center_v10 ( Queue )\Command_Center\Debug\Command_Center.obj
C:\Users\DVLPR\Desktop\DVLPR\On-Going Project\Balancing Robot Project\MFC Project\MFC_Command_Center_v10 ( Queue )\Command_Center\Debug\Command_CenterDlg.obj
C:\Users\DVLPR\Desktop\DVLPR\On-Going Project\Balancing Robot Project\MFC Project\MFC_Command_Center_v10 ( Queue )\Command_Center\Debug\ListenSocket.obj
C:\Users\DVLPR\Desktop\DVLPR\On-Going Project\Balancing Robot Project\MFC Project\MFC_Command_Center_v10 ( Queue )\Command_Center\Debug\OScopeCtrl.obj
C:\Users\DVLPR\Desktop\DVLPR\On-Going Project\Balancing Robot Project\MFC Project\MFC_Command_Center_v10 ( Queue )\Command_Center\Debug\stdafx.obj
C:\Users\DVLPR\Desktop\DVLPR\On-Going Project\Balancing Robot Project\MFC Project\MFC_Command_Center_v10 ( Queue )\Command_Center\Debug\cl.command.1.tlog
C:\Users\DVLPR\Desktop\DVLPR\On-Going Project\Balancing Robot Project\MFC Project\MFC_Command_Center_v10 ( Queue )\Command_Center\Debug\CL.read.1.tlog
C:\Users\DVLPR\Desktop\DVLPR\On-Going Project\Balancing Robot Project\MFC Project\MFC_Command_Center_v10 ( Queue )\Command_Center\Debug\CL.write.1.tlog
C:\Users\DVLPR\Desktop\DVLPR\On-Going Project\Balancing Robot Project\MFC Project\MFC_Command_Center_v10 ( Queue )\Command_Center\Debug\link-cvtres.read.1.tlog
C:\Users\DVLPR\Desktop\DVLPR\On-Going Project\Balancing Robot Project\MFC Project\MFC_Command_Center_v10 ( Queue )\Command_Center\Debug\link-cvtres.write.1.tlog
C:\Users\DVLPR\Desktop\DVLPR\On-Going Project\Balancing Robot Project\MFC Project\MFC_Command_Center_v10 ( Queue )\Command_Center\Debug\link-mt.read.1.tlog
C:\Users\DVLPR\Desktop\DVLPR\On-Going Project\Balancing Robot Project\MFC Project\MFC_Command_Center_v10 ( Queue )\Command_Center\Debug\link-mt.write.1.tlog
C:\Users\DVLPR\Desktop\DVLPR\On-Going Project\Balancing Robot Project\MFC Project\MFC_Command_Center_v10 ( Queue )\Command_Center\Debug\link-rc.read.1.tlog
C:\Users\DVLPR\Desktop\DVLPR\On-Going Project\Balancing Robot Project\MFC Project\MFC_Command_Center_v10 ( Queue )\Command_Center\Debug\link-rc.write.1.tlog
C:\Users\DVLPR\Desktop\DVLPR\On-Going Project\Balancing Robot Project\MFC Project\MFC_Command_Center_v10 ( Queue )\Command_Center\Debug\link.11676-cvtres.read.1.tlog
C:\Users\DVLPR\Desktop\DVLPR\On-Going Project\Balancing Robot Project\MFC Project\MFC_Command_Center_v10 ( Queue )\Command_Center\Debug\link.11676-cvtres.write.1.tlog
C:\Users\DVLPR\Desktop\DVLPR\On-Going Project\Balancing Robot Project\MFC Project\MFC_Command_Center_v10 ( Queue )\Command_Center\Debug\link.11676-mt.read.1.tlog
C:\Users\DVLPR\Desktop\DVLPR\On-Going Project\Balancing Robot Project\MFC Project\MFC_Command_Center_v10 ( Queue )\Command_Center\Debug\link.11676-mt.write.1.tlog
C:\Users\DVLPR\Desktop\DVLPR\On-Going Project\Balancing Robot Project\MFC Project\MFC_Command_Center_v10 ( Queue )\Command_Center\Debug\link.11676-rc.read.1.tlog
C:\Users\DVLPR\Desktop\DVLPR\On-Going Project\Balancing Robot Project\MFC Project\MFC_Command_Center_v10 ( Queue )\Command_Center\Debug\link.11676-rc.write.1.tlog
C:\Users\DVLPR\Desktop\DVLPR\On-Going Project\Balancing Robot Project\MFC Project\MFC_Command_Center_v10 ( Queue )\Command_Center\Debug\link.11676.read.1.tlog
C:\Users\DVLPR\Desktop\DVLPR\On-Going Project\Balancing Robot Project\MFC Project\MFC_Command_Center_v10 ( Queue )\Command_Center\Debug\link.11676.write.1.tlog
C:\Users\DVLPR\Desktop\DVLPR\On-Going Project\Balancing Robot Project\MFC Project\MFC_Command_Center_v10 ( Queue )\Command_Center\Debug\link.12644-cvtres.read.1.tlog
C:\Users\DVLPR\Desktop\DVLPR\On-Going Project\Balancing Robot Project\MFC Project\MFC_Command_Center_v10 ( Queue )\Command_Center\Debug\link.12644-cvtres.write.1.tlog
C:\Users\DVLPR\Desktop\DVLPR\On-Going Project\Balancing Robot Project\MFC Project\MFC_Command_Center_v10 ( Queue )\Command_Center\Debug\link.12644-mt.read.1.tlog
C:\Users\DVLPR\Desktop\DVLPR\On-Going Project\Balancing Robot Project\MFC Project\MFC_Command_Center_v10 ( Queue )\Command_Center\Debug\link.12644-mt.write.1.tlog
C:\Users\DVLPR\Desktop\DVLPR\On-Going Project\Balancing Robot Project\MFC Project\MFC_Command_Center_v10 ( Queue )\Command_Center\Debug\link.12644-rc.read.1.tlog
C:\Users\DVLPR\Desktop\DVLPR\On-Going Project\Balancing Robot Project\MFC Project\MFC_Command_Center_v10 ( Queue )\Command_Center\Debug\link.12644-rc.write.1.tlog
C:\Users\DVLPR\Desktop\DVLPR\On-Going Project\Balancing Robot Project\MFC Project\MFC_Command_Center_v10 ( Queue )\Command_Center\Debug\link.12644.read.1.tlog
C:\Users\DVLPR\Desktop\DVLPR\On-Going Project\Balancing Robot Project\MFC Project\MFC_Command_Center_v10 ( Queue )\Command_Center\Debug\link.12644.write.1.tlog
C:\Users\DVLPR\Desktop\DVLPR\On-Going Project\Balancing Robot Project\MFC Project\MFC_Command_Center_v10 ( Queue )\Command_Center\Debug\link.15136-cvtres.read.1.tlog
C:\Users\DVLPR\Desktop\DVLPR\On-Going Project\Balancing Robot Project\MFC Project\MFC_Command_Center_v10 ( Queue )\Command_Center\Debug\link.15136-cvtres.write.1.tlog
C:\Users\DVLPR\Desktop\DVLPR\On-Going Project\Balancing Robot Project\MFC Project\MFC_Command_Center_v10 ( Queue )\Command_Center\Debug\link.15136-mt.read.1.tlog
C:\Users\DVLPR\Desktop\DVLPR\On-Going Project\Balancing Robot Project\MFC Project\MFC_Command_Center_v10 ( Queue )\Command_Center\Debug\link.15136-mt.write.1.tlog
C:\Users\DVLPR\Desktop\DVLPR\On-Going Project\Balancing Robot Project\MFC Project\MFC_Command_Center_v10 ( Queue )\Command_Center\Debug\link.15136-rc.read.1.tlog
C:\Users\DVLPR\Desktop\DVLPR\On-Going Project\Balancing Robot Project\MFC Project\MFC_Command_Center_v10 ( Queue )\Command_Center\Debug\link.15136-rc.write.1.tlog
C:\Users\DVLPR\Desktop\DVLPR\On-Going Project\Balancing Robot Project\MFC Project\MFC_Command_Center_v10 ( Queue )\Command_Center\Debug\link.15136.read.1.tlog
C:\Users\DVLPR\Desktop\DVLPR\On-Going Project\Balancing Robot Project\MFC Project\MFC_Command_Center_v10 ( Queue )\Command_Center\Debug\link.15136.write.1.tlog
C:\Users\DVLPR\Desktop\DVLPR\On-Going Project\Balancing Robot Project\MFC Project\MFC_Command_Center_v10 ( Queue )\Command_Center\Debug\link.16236-cvtres.read.1.tlog
C:\Users\DVLPR\Desktop\DVLPR\On-Going Project\Balancing Robot Project\MFC Project\MFC_Command_Center_v10 ( Queue )\Command_Center\Debug\link.16236-cvtres.write.1.tlog
C:\Users\DVLPR\Desktop\DVLPR\On-Going Project\Balancing Robot Project\MFC Project\MFC_Command_Center_v10 ( Queue )\Command_Center\Debug\link.16236-mt.read.1.tlog
C:\Users\DVLPR\Desktop\DVLPR\On-Going Project\Balancing Robot Project\MFC Project\MFC_Command_Center_v10 ( Queue )\Command_Center\Debug\link.16236-mt.write.1.tlog
C:\Users\DVLPR\Desktop\DVLPR\On-Going Project\Balancing Robot Project\MFC Project\MFC_Command_Center_v10 ( Queue )\Command_Center\Debug\link.16236-rc.read.1.tlog
C:\Users\DVLPR\Desktop\DVLPR\On-Going Project\Balancing Robot Project\MFC Project\MFC_Command_Center_v10 ( Queue )\Command_Center\Debug\link.16236-rc.write.1.tlog
C:\Users\DVLPR\Desktop\DVLPR\On-Going Project\Balancing Robot Project\MFC Project\MFC_Command_Center_v10 ( Queue )\Command_Center\Debug\link.16236.read.1.tlog
C:\Users\DVLPR\Desktop\DVLPR\On-Going Project\Balancing Robot Project\MFC Project\MFC_Command_Center_v10 ( Queue )\Command_Center\Debug\link.16236.write.1.tlog
C:\Users\DVLPR\Desktop\DVLPR\On-Going Project\Balancing Robot Project\MFC Project\MFC_Command_Center_v10 ( Queue )\Command_Center\Debug\link.18368-cvtres.read.1.tlog
C:\Users\DVLPR\Desktop\DVLPR\On-Going Project\Balancing Robot Project\MFC Project\MFC_Command_Center_v10 ( Queue )\Command_Center\Debug\link.18368-cvtres.write.1.tlog
C:\Users\DVLPR\Desktop\DVLPR\On-Going Project\Balancing Robot Project\MFC Project\MFC_Command_Center_v10 ( Queue )\Command_Center\Debug\link.18368-mt.read.1.tlog
C:\Users\DVLPR\Desktop\DVLPR\On-Going Project\Balancing Robot Project\MFC Project\MFC_Command_Center_v10 ( Queue )\Command_Center\Debug\link.18368-mt.write.1.tlog
C:\Users\DVLPR\Desktop\DVLPR\On-Going Project\Balancing Robot Project\MFC Project\MFC_Command_Center_v10 ( Queue )\Command_Center\Debug\link.18368-rc.read.1.tlog
C:\Users\DVLPR\Desktop\DVLPR\On-Going Project\Balancing Robot Project\MFC Project\MFC_Command_Center_v10 ( Queue )\Command_Center\Debug\link.18368-rc.write.1.tlog
C:\Users\DVLPR\Desktop\DVLPR\On-Going Project\Balancing Robot Project\MFC Project\MFC_Command_Center_v10 ( Queue )\Command_Center\Debug\link.18368.read.1.tlog
C:\Users\DVLPR\Desktop\DVLPR\On-Going Project\Balancing Robot Project\MFC Project\MFC_Command_Center_v10 ( Queue )\Command_Center\Debug\link.18368.write.1.tlog
C:\Users\DVLPR\Desktop\DVLPR\On-Going Project\Balancing Robot Project\MFC Project\MFC_Command_Center_v10 ( Queue )\Command_Center\Debug\link.command.1.tlog
C:\Users\DVLPR\Desktop\DVLPR\On-Going Project\Balancing Robot Project\MFC Project\MFC_Command_Center_v10 ( Queue )\Command_Center\Debug\link.read.1.tlog
C:\Users\DVLPR\Desktop\DVLPR\On-Going Project\Balancing Robot Project\MFC Project\MFC_Command_Center_v10 ( Queue )\Command_Center\Debug\link.write.1.tlog
C:\Users\DVLPR\Desktop\DVLPR\On-Going Project\Balancing Robot Project\MFC Project\MFC_Command_Center_v10 ( Queue )\Command_Center\Debug\rc.command.1.tlog
C:\Users\DVLPR\Desktop\DVLPR\On-Going Project\Balancing Robot Project\MFC Project\MFC_Command_Center_v10 ( Queue )\Command_Center\Debug\rc.read.1.tlog
C:\Users\DVLPR\Desktop\DVLPR\On-Going Project\Balancing Robot Project\MFC Project\MFC_Command_Center_v10 ( Queue )\Command_Center\Debug\rc.write.1.tlog
C:\Users\DVLPR\Desktop\DVLPR\On-Going Project\Balancing Robot Project\MFC Project\MFC_Command_Center_v10 ( Queue )\Command_Center\Debug\Command_Center.res
C:\Users\DVLPR\Desktop\DVLPR\On-Going Project\Balancing Robot Project\MFC Project\MFC_Command_Center_v10 ( Queue )\Command_Center\Debug\Command_Center.pch
C:\Users\DVLPR\Desktop\DVLPR\On-Going Project\Balancing Robot Project\MFC Project\MFC_Command_Center_v10 ( Queue )\Command_Center\Debug\vc110.idb
C:\Users\DVLPR\Desktop\DVLPR\On-Going Project\Balancing Robot Project\MFC Project\MFC_Command_Center_v10 ( Queue )\Command_Center\Debug\vc110.pdb
C:\Users\DVLPR\Desktop\DVLPR\On-Going Project\Balancing Robot Project\MFC Project\MFC_Command_Center_v10 ( Queue )\Debug\Command_Center.pdb
C:\Users\DVLPR\Desktop\DVLPR\On-Going Project\Balancing Robot Project\MFC Project\MFC_Command_Center_v10 ( Queue )\Debug\Command_Center.exe
C:\Users\DVLPR\Desktop\DVLPR\On-Going Project\Balancing Robot Project\MFC Project\MFC_Command_Center_v10 ( Queue )\Debug\Command_Center.ilk
